mode: set
github.com/linuxuser586/pki/pkg/cert/cert.go:50.13,52.2 1 1
github.com/linuxuser586/pki/pkg/cert/cert.go:54.14,57.33 3 1
github.com/linuxuser586/pki/pkg/cert/cert.go:57.33,61.3 3 1
github.com/linuxuser586/pki/pkg/cert/cert.go:64.49,66.16 2 1
github.com/linuxuser586/pki/pkg/cert/cert.go:69.2,74.44 3 1
github.com/linuxuser586/pki/pkg/cert/cert.go:77.2,77.24 1 1
github.com/linuxuser586/pki/pkg/cert/cert.go:66.16,68.3 1 0
github.com/linuxuser586/pki/pkg/cert/cert.go:74.44,76.3 1 0
github.com/linuxuser586/pki/pkg/cert/cert.go:87.58,88.23 1 1
github.com/linuxuser586/pki/pkg/cert/cert.go:91.2,92.16 2 1
github.com/linuxuser586/pki/pkg/cert/cert.go:95.2,97.16 3 1
github.com/linuxuser586/pki/pkg/cert/cert.go:100.2,102.16 3 1
github.com/linuxuser586/pki/pkg/cert/cert.go:105.2,110.16 5 1
github.com/linuxuser586/pki/pkg/cert/cert.go:114.2,117.29 4 1
github.com/linuxuser586/pki/pkg/cert/cert.go:126.2,141.16 3 1
github.com/linuxuser586/pki/pkg/cert/cert.go:144.2,149.44 3 1
github.com/linuxuser586/pki/pkg/cert/cert.go:152.2,153.16 2 1
github.com/linuxuser586/pki/pkg/cert/cert.go:156.2,157.17 2 1
github.com/linuxuser586/pki/pkg/cert/cert.go:88.23,90.3 1 0
github.com/linuxuser586/pki/pkg/cert/cert.go:92.16,94.3 1 0
github.com/linuxuser586/pki/pkg/cert/cert.go:97.16,99.3 1 0
github.com/linuxuser586/pki/pkg/cert/cert.go:102.16,104.3 1 0
github.com/linuxuser586/pki/pkg/cert/cert.go:110.16,112.3 1 0
github.com/linuxuser586/pki/pkg/cert/cert.go:117.29,119.15 2 1
github.com/linuxuser586/pki/pkg/cert/cert.go:119.15,121.4 1 1
github.com/linuxuser586/pki/pkg/cert/cert.go:121.9,123.4 1 1
github.com/linuxuser586/pki/pkg/cert/cert.go:141.16,143.3 1 0
github.com/linuxuser586/pki/pkg/cert/cert.go:149.44,151.3 1 0
github.com/linuxuser586/pki/pkg/cert/cert.go:153.16,155.3 1 0
github.com/linuxuser586/pki/pkg/cert/cert.go:161.24,163.2 1 1
github.com/linuxuser586/pki/pkg/server/rpc/server.go:15.21,17.14 2 0
github.com/linuxuser586/pki/pkg/server/rpc/server.go:20.2,22.16 3 0
github.com/linuxuser586/pki/pkg/server/rpc/server.go:25.2,30.12 6 0
github.com/linuxuser586/pki/pkg/server/rpc/server.go:37.2,37.37 1 0
github.com/linuxuser586/pki/pkg/server/rpc/server.go:40.2,40.34 1 0
github.com/linuxuser586/pki/pkg/server/rpc/server.go:17.14,19.3 1 0
github.com/linuxuser586/pki/pkg/server/rpc/server.go:22.16,24.3 1 0
github.com/linuxuser586/pki/pkg/server/rpc/server.go:30.12,31.7 1 0
github.com/linuxuser586/pki/pkg/server/rpc/server.go:31.7,35.4 3 0
github.com/linuxuser586/pki/pkg/server/rpc/server.go:37.37,39.3 1 0
